<?xml version="1.0" encoding="UTF-8"?>
<!-- Generated by org.testng.reporters.JUnitXMLReporter -->
<testsuite ignored="0" hostname="LAPTOP-N0GQ1CTL" failures="0" tests="3" name="Default test" time="25.222" errors="0" timestamp="2026-03-28T20:39:45 IST">
  <testcase classname="tests.BaseTest" name="validateLoginFunctionality" time="0.063"/>
  <testcase classname="tests.BaseTest" name="createContact" time="7.89"/>
  <testcase classname="tests.BaseTest" name="createDeal" time="4.707"/>
</testsuite> <!-- Default test -->
