<?xml version="1.0" encoding="UTF-8"?>
<testng-results ignored="0" total="1" passed="1" failed="0" skipped="0">
  <reporter-output>
  </reporter-output>
  <suite started-at="2026-03-28T19:56:47 IST" name="Default suite" finished-at="2026-03-28T19:57:07 IST" duration-ms="19754">
    <groups>
    </groups>
    <test started-at="2026-03-28T19:56:47 IST" name="Default test" finished-at="2026-03-28T19:57:07 IST" duration-ms="19754">
      <class name="tests.BaseTest">
        <test-method is-config="true" signature="setup()[pri:0, instance:tests.BaseTest@4dc8caa7]" started-at="2026-03-28T19:56:47 IST" name="setup" finished-at="2026-03-28T19:57:04 IST" duration-ms="16508" status="PASS">
          <reporter-output>
          </reporter-output>
        </test-method> <!-- setup -->
        <test-method signature="validateLoginFunctionality()[pri:0, instance:tests.BaseTest@4dc8caa7]" started-at="2026-03-28T19:57:04 IST" name="validateLoginFunctionality" finished-at="2026-03-28T19:57:04 IST" duration-ms="13" status="PASS">
          <reporter-output>
          </reporter-output>
        </test-method> <!-- validateLoginFunctionality -->
        <test-method is-config="true" signature="teardown()[pri:0, instance:tests.BaseTest@4dc8caa7]" started-at="2026-03-28T19:57:04 IST" name="teardown" finished-at="2026-03-28T19:57:07 IST" duration-ms="3178" status="PASS">
          <reporter-output>
          </reporter-output>
        </test-method> <!-- teardown -->
      </class> <!-- tests.BaseTest -->
    </test> <!-- Default test -->
  </suite> <!-- Default suite -->
</testng-results>
