<?xml version="1.0" encoding="UTF-8"?>
<testng-results ignored="0" total="2" passed="2" failed="0" skipped="0">
  <reporter-output>
  </reporter-output>
  <suite started-at="2026-03-28T20:21:16 IST" name="Default suite" finished-at="2026-03-28T20:21:40 IST" duration-ms="23315">
    <groups>
    </groups>
    <test started-at="2026-03-28T20:21:16 IST" name="Default test" finished-at="2026-03-28T20:21:40 IST" duration-ms="23315">
      <class name="tests.BaseTest">
        <test-method is-config="true" signature="setup()[pri:0, instance:tests.BaseTest@5f6722d3]" started-at="2026-03-28T20:21:16 IST" name="setup" finished-at="2026-03-28T20:21:25 IST" duration-ms="8539" status="PASS">
          <reporter-output>
          </reporter-output>
        </test-method> <!-- setup -->
        <test-method signature="validateLoginFunctionality()[pri:1, instance:tests.BaseTest@5f6722d3]" started-at="2026-03-28T20:21:25 IST" name="validateLoginFunctionality" finished-at="2026-03-28T20:21:25 IST" duration-ms="38" status="PASS">
          <reporter-output>
          </reporter-output>
        </test-method> <!-- validateLoginFunctionality -->
        <test-method signature="createContact()[pri:2, instance:tests.BaseTest@5f6722d3]" started-at="2026-03-28T20:21:25 IST" name="createContact" finished-at="2026-03-28T20:21:34 IST" duration-ms="9193" status="PASS">
          <reporter-output>
          </reporter-output>
        </test-method> <!-- createContact -->
        <test-method is-config="true" signature="teardown()[pri:0, instance:tests.BaseTest@5f6722d3]" started-at="2026-03-28T20:21:34 IST" name="teardown" finished-at="2026-03-28T20:21:40 IST" duration-ms="5441" status="PASS">
          <reporter-output>
          </reporter-output>
        </test-method> <!-- teardown -->
      </class> <!-- tests.BaseTest -->
    </test> <!-- Default test -->
  </suite> <!-- Default suite -->
</testng-results>
