<?xml version="1.0" encoding="UTF-8"?>
<!-- Generated by org.testng.reporters.JUnitReportReporter -->
<testsuite hostname="LAPTOP-N0GQ1CTL" failures="0" tests="3" name="tests.BaseTest" time="12.660" errors="0" timestamp="2026-03-28T20:39:45 IST" skipped="0">
  <testcase classname="tests.BaseTest" name="validateLoginFunctionality" time="0.063"/>
  <testcase classname="tests.BaseTest" name="createContact" time="7.890"/>
  <testcase classname="tests.BaseTest" name="createDeal" time="4.707"/>
</testsuite> <!-- tests.BaseTest -->
